# JRE version: OpenJDK Runtime Environment (21.0.8) (build 21.0.8+-14018985-b1038.68)
# Java VM: OpenJDK 64-Bit Server VM (21.0.8+-14018985-b1038.68, mixed mode, tiered, compressed oops, compressed class ptrs, g1 gc, windows-amd64)
GC Precious Log:
 CardTable entry size: 512
 Card Set container configuration: InlinePtr #cards 5 size 8 Array Of Cards #cards 12 size 40 Howl #buckets 4 coarsen threshold 1843 Howl Bitmap #cards 512 size 80 coarsen threshold 460 Card regions per heap region 1 cards per card region 2048
 CPUs: 4 total, 4 available
 Memory: 7854M
 Large Page Support: Disabled
 NUMA Support: Disabled
 Compressed Oops: Enabled (32-bit)
 Heap Region Size: 1M
 Heap Min Capacity: 8M
 Heap Initial Capacity: 124M
 Heap Max Capacity: 1964M
 Pre-touch: Disabled
 Parallel Workers: 4
 Concurrent Workers: 1
 Concurrent Refinement Workers: 4
 Periodic GC: Disabled
Heap:
 garbage-first heap   total 114688K, used 82850K [0x0000000085400000, 0x0000000100000000)
  region size 1024K, 39 young (39936K), 4 survivors (4096K)
 Metaspace       used 78469K, committed 78848K, reserved 1179648K
  class space    used 8777K, committed 8960K, reserved 1048576K
GC Heap History (20 events):
Event: 21.049 GC heap before
{Heap before GC invocations=15 (full 0):
 garbage-first heap   total 38912K, used 33106K [0x0000000085400000, 0x0000000100000000)
  region size 1024K, 13 young (13312K), 2 survivors (2048K)
 Metaspace       used 51681K, committed 51968K, reserved 1114112K
  class space    used 6132K, committed 6272K, reserved 1048576K
}
Event: 21.061 GC heap after
{Heap after GC invocations=16 (full 0):
 garbage-first heap   total 38912K, used 22939K [0x0000000085400000, 0x0000000100000000)
  region size 1024K, 1 young (1024K), 1 survivors (1024K)
 Metaspace       used 51681K, committed 51968K, reserved 1114112K
  class space    used 6132K, committed 6272K, reserved 1048576K
}
Event: 21.071 GC heap before
{Heap before GC invocations=16 (full 0):
 garbage-first heap   total 38912K, used 23963K [0x0000000085400000, 0x0000000100000000)
  region size 1024K, 3 young (3072K), 1 survivors (1024K)
 Metaspace       used 51685K, committed 51968K, reserved 1114112K
  class space    used 6132K, committed 6272K, reserved 1048576K
}
Event: 21.076 GC heap after
{Heap after GC invocations=17 (full 0):
 garbage-first heap   total 38912K, used 23573K [0x0000000085400000, 0x0000000100000000)
  region size 1024K, 2 young (2048K), 2 survivors (2048K)
 Metaspace       used 51685K, committed 51968K, reserved 1114112K
  class space    used 6132K, committed 6272K, reserved 1048576K
}
Event: 21.296 GC heap before
{Heap before GC invocations=18 (full 0):
 garbage-first heap   total 40960K, used 32789K [0x0000000085400000, 0x0000000100000000)
  region size 1024K, 10 young (10240K), 2 survivors (2048K)
 Metaspace       used 51702K, committed 51968K, reserved 1114112K
  class space    used 6133K, committed 6272K, reserved 1048576K
}
Event: 21.307 GC heap after
{Heap after GC invocations=19 (full 0):
 garbage-first heap   total 40960K, used 27403K [0x0000000085400000, 0x0000000100000000)
  region size 1024K, 2 young (2048K), 2 survivors (2048K)
 Metaspace       used 51702K, committed 51968K, reserved 1114112K
  class space    used 6133K, committed 6272K, reserved 1048576K
}
Event: 21.440 GC heap before
{Heap before GC invocations=19 (full 0):
 garbage-first heap   total 40960K, used 34571K [0x0000000085400000, 0x0000000100000000)
  region size 1024K, 9 young (9216K), 2 survivors (2048K)
 Metaspace       used 51725K, committed 52032K, reserved 1114112K
  class space    used 6133K, committed 6272K, reserved 1048576K
}
Event: 21.452 GC heap after
{Heap after GC invocations=20 (full 0):
 garbage-first heap   total 40960K, used 30363K [0x0000000085400000, 0x0000000100000000)
  region size 1024K, 2 young (2048K), 2 survivors (2048K)
 Metaspace       used 51725K, committed 52032K, reserved 1114112K
  class space    used 6133K, committed 6272K, reserved 1048576K
}
Event: 21.592 GC heap before
{Heap before GC invocations=20 (full 0):
 garbage-first heap   total 40960K, used 35483K [0x0000000085400000, 0x0000000100000000)
  region size 1024K, 7 young (7168K), 2 survivors (2048K)
 Metaspace       used 51726K, committed 52032K, reserved 1114112K
  class space    used 6133K, committed 6272K, reserved 1048576K
}
Event: 21.600 GC heap after
{Heap after GC invocations=21 (full 0):
 garbage-first heap   total 40960K, used 32608K [0x0000000085400000, 0x0000000100000000)
  region size 1024K, 1 young (1024K), 1 survivors (1024K)
 Metaspace       used 51726K, committed 52032K, reserved 1114112K
  class space    used 6133K, committed 6272K, reserved 1048576K
}
Event: 21.799 GC heap before
{Heap before GC invocations=22 (full 0):
 garbage-first heap   total 55296K, used 35680K [0x0000000085400000, 0x0000000100000000)
  region size 1024K, 4 young (4096K), 1 survivors (1024K)
 Metaspace       used 51756K, committed 52032K, reserved 1114112K
  class space    used 6133K, committed 6272K, reserved 1048576K
}
Event: 21.805 GC heap after
{Heap after GC invocations=23 (full 0):
 garbage-first heap   total 55296K, used 34057K [0x0000000085400000, 0x0000000100000000)
  region size 1024K, 1 young (1024K), 1 survivors (1024K)
 Metaspace       used 51756K, committed 52032K, reserved 1114112K
  class space    used 6133K, committed 6272K, reserved 1048576K
}
Event: 22.607 GC heap before
{Heap before GC invocations=23 (full 0):
 garbage-first heap   total 55296K, used 44297K [0x0000000085400000, 0x0000000100000000)
  region size 1024K, 11 young (11264K), 1 survivors (1024K)
 Metaspace       used 52693K, committed 52992K, reserved 1114112K
  class space    used 6233K, committed 6336K, reserved 1048576K
}
Event: 22.620 GC heap after
{Heap after GC invocations=24 (full 0):
 garbage-first heap   total 55296K, used 36135K [0x0000000085400000, 0x0000000100000000)
  region size 1024K, 2 young (2048K), 2 survivors (2048K)
 Metaspace       used 52693K, committed 52992K, reserved 1114112K
  class space    used 6233K, committed 6336K, reserved 1048576K
}
Event: 23.126 GC heap before
{Heap before GC invocations=24 (full 0):
 garbage-first heap   total 55296K, used 44327K [0x0000000085400000, 0x0000000100000000)
  region size 1024K, 11 young (11264K), 2 survivors (2048K)
 Metaspace       used 53013K, committed 53312K, reserved 1114112K
  class space    used 6269K, committed 6400K, reserved 1048576K
}
Event: 23.139 GC heap after
{Heap after GC invocations=25 (full 0):
 garbage-first heap   total 114688K, used 38912K [0x0000000085400000, 0x0000000100000000)
  region size 1024K, 2 young (2048K), 2 survivors (2048K)
 Metaspace       used 53013K, committed 53312K, reserved 1114112K
  class space    used 6269K, committed 6400K, reserved 1048576K
}
Event: 29.039 GC heap before
{Heap before GC invocations=26 (full 0):
 garbage-first heap   total 114688K, used 79872K [0x0000000085400000, 0x0000000100000000)
  region size 1024K, 44 young (45056K), 2 survivors (2048K)
 Metaspace       used 59149K, committed 59456K, reserved 1114112K
  class space    used 6884K, committed 6976K, reserved 1048576K
}
Event: 29.070 GC heap after
{Heap after GC invocations=27 (full 0):
 garbage-first heap   total 114688K, used 44246K [0x0000000085400000, 0x0000000100000000)
  region size 1024K, 6 young (6144K), 6 survivors (6144K)
 Metaspace       used 59149K, committed 59456K, reserved 1114112K
  class space    used 6884K, committed 6976K, reserved 1048576K
}
Event: 32.311 GC heap before
{Heap before GC invocations=27 (full 0):
 garbage-first heap   total 114688K, used 84182K [0x0000000085400000, 0x0000000100000000)
  region size 1024K, 45 young (46080K), 6 survivors (6144K)
 Metaspace       used 68946K, committed 69312K, reserved 1114112K
  class space    used 7868K, committed 8000K, reserved 1048576K
}
Event: 32.343 GC heap after
{Heap after GC invocations=28 (full 0):
 garbage-first heap   total 114688K, used 48034K [0x0000000085400000, 0x0000000100000000)
  region size 1024K, 4 young (4096K), 4 survivors (4096K)
 Metaspace       used 68946K, committed 69312K, reserved 1114112K
  class space    used 7868K, committed 8000K, reserved 1048576K
}

