# JRE version: OpenJDK Runtime Environment (21.0.8) (build 21.0.8+-14018985-b1038.68)
# Java VM: OpenJDK 64-Bit Server VM (21.0.8+-14018985-b1038.68, mixed mode, tiered, compressed oops, compressed class ptrs, g1 gc, windows-amd64)
GC Precious Log:
 CardTable entry size: 512
 Card Set container configuration: InlinePtr #cards 4 size 8 Array Of Cards #cards 32 size 80 Howl #buckets 8 coarsen threshold 7372 Howl Bitmap #cards 1024 size 144 coarsen threshold 921 Card regions per heap region 1 cards per card region 8192
 CPUs: 4 total, 4 available
 Memory: 7854M
 Large Page Support: Disabled
 NUMA Support: Disabled
 Compressed Oops: Enabled (Zero based)
 Heap Region Size: 4M
 Heap Min Capacity: 8M
 Heap Initial Capacity: 124M
 Heap Max Capacity: 8G
 Pre-touch: Disabled
 Parallel Workers: 4
 Concurrent Workers: 1
 Concurrent Refinement Workers: 4
 Periodic GC: Disabled
Heap:
 garbage-first heap   total 622592K, used 374015K [0x0000000600000000, 0x0000000800000000)
  region size 4096K, 8 young (32768K), 6 survivors (24576K)
 Metaspace       used 172575K, committed 175168K, reserved 1245184K
  class space    used 23426K, committed 24640K, reserved 1048576K
GC Heap History (20 events):
Event: 105.038 GC heap before
{Heap before GC invocations=61 (full 0):
 garbage-first heap   total 376832K, used 321584K [0x0000000600000000, 0x0000000800000000)
  region size 4096K, 31 young (126976K), 5 survivors (20480K)
 Metaspace       used 143403K, committed 145792K, reserved 1179648K
  class space    used 19654K, committed 20800K, reserved 1048576K
}
Event: 105.062 GC heap after
{Heap after GC invocations=62 (full 0):
 garbage-first heap   total 376832K, used 220809K [0x0000000600000000, 0x0000000800000000)
  region size 4096K, 2 young (8192K), 2 survivors (8192K)
 Metaspace       used 143403K, committed 145792K, reserved 1179648K
  class space    used 19654K, committed 20800K, reserved 1048576K
}
Event: 108.122 GC heap before
{Heap before GC invocations=63 (full 0):
 garbage-first heap   total 376832K, used 339593K [0x0000000600000000, 0x0000000800000000)
  region size 4096K, 32 young (131072K), 2 survivors (8192K)
 Metaspace       used 147210K, committed 149632K, reserved 1179648K
  class space    used 20075K, committed 21248K, reserved 1048576K
}
Event: 108.135 GC heap after
{Heap after GC invocations=64 (full 0):
 garbage-first heap   total 376832K, used 218403K [0x0000000600000000, 0x0000000800000000)
  region size 4096K, 2 young (8192K), 2 survivors (8192K)
 Metaspace       used 147210K, committed 149632K, reserved 1179648K
  class space    used 20075K, committed 21248K, reserved 1048576K
}
Event: 111.435 GC heap before
{Heap before GC invocations=64 (full 0):
 garbage-first heap   total 376832K, used 337187K [0x0000000600000000, 0x0000000800000000)
  region size 4096K, 32 young (131072K), 2 survivors (8192K)
 Metaspace       used 155697K, committed 158208K, reserved 1245184K
  class space    used 21177K, committed 22400K, reserved 1048576K
}
Event: 111.464 GC heap after
{Heap after GC invocations=65 (full 0):
 garbage-first heap   total 376832K, used 224004K [0x0000000600000000, 0x0000000800000000)
  region size 4096K, 4 young (16384K), 4 survivors (16384K)
 Metaspace       used 155697K, committed 158208K, reserved 1245184K
  class space    used 21177K, committed 22400K, reserved 1048576K
}
Event: 113.490 GC heap before
{Heap before GC invocations=65 (full 0):
 garbage-first heap   total 376832K, used 330500K [0x0000000600000000, 0x0000000800000000)
  region size 4096K, 31 young (126976K), 4 survivors (16384K)
 Metaspace       used 158540K, committed 161088K, reserved 1245184K
  class space    used 21569K, committed 22784K, reserved 1048576K
}
Event: 113.521 GC heap after
{Heap after GC invocations=66 (full 0):
 garbage-first heap   total 376832K, used 229792K [0x0000000600000000, 0x0000000800000000)
  region size 4096K, 3 young (12288K), 3 survivors (12288K)
 Metaspace       used 158540K, committed 161088K, reserved 1245184K
  class space    used 21569K, committed 22784K, reserved 1048576K
}
Event: 117.513 GC heap before
{Heap before GC invocations=67 (full 0):
 garbage-first heap   total 389120K, used 332192K [0x0000000600000000, 0x0000000800000000)
  region size 4096K, 29 young (118784K), 3 survivors (12288K)
 Metaspace       used 162982K, committed 165568K, reserved 1245184K
  class space    used 22104K, committed 23360K, reserved 1048576K
}
Event: 117.548 GC heap after
{Heap after GC invocations=68 (full 0):
 garbage-first heap   total 389120K, used 242245K [0x0000000600000000, 0x0000000800000000)
  region size 4096K, 4 young (16384K), 4 survivors (16384K)
 Metaspace       used 162982K, committed 165568K, reserved 1245184K
  class space    used 22104K, committed 23360K, reserved 1048576K
}
Event: 124.462 GC heap before
{Heap before GC invocations=68 (full 0):
 garbage-first heap   total 389120K, used 344645K [0x0000000600000000, 0x0000000800000000)
  region size 4096K, 29 young (118784K), 4 survivors (16384K)
 Metaspace       used 164205K, committed 166848K, reserved 1245184K
  class space    used 22152K, committed 23424K, reserved 1048576K
}
Event: 124.498 GC heap after
{Heap after GC invocations=69 (full 0):
 garbage-first heap   total 389120K, used 247787K [0x0000000600000000, 0x0000000800000000)
  region size 4096K, 4 young (16384K), 4 survivors (16384K)
 Metaspace       used 164205K, committed 166848K, reserved 1245184K
  class space    used 22152K, committed 23424K, reserved 1048576K
}
Event: 128.924 GC heap before
{Heap before GC invocations=69 (full 0):
 garbage-first heap   total 389120K, used 341995K [0x0000000600000000, 0x0000000800000000)
  region size 4096K, 28 young (114688K), 4 survivors (16384K)
 Metaspace       used 164954K, committed 167552K, reserved 1245184K
  class space    used 22197K, committed 23424K, reserved 1048576K
}
Event: 128.951 GC heap after
{Heap after GC invocations=70 (full 0):
 garbage-first heap   total 389120K, used 246106K [0x0000000600000000, 0x0000000800000000)
  region size 4096K, 2 young (8192K), 2 survivors (8192K)
 Metaspace       used 164954K, committed 167552K, reserved 1245184K
  class space    used 22197K, committed 23424K, reserved 1048576K
}
Event: 149.719 GC heap before
{Heap before GC invocations=71 (full 0):
 garbage-first heap   total 479232K, used 471386K [0x0000000600000000, 0x0000000800000000)
  region size 4096K, 22 young (90112K), 2 survivors (8192K)
 Metaspace       used 165256K, committed 167808K, reserved 1245184K
  class space    used 22211K, committed 23424K, reserved 1048576K
}
Event: 149.787 GC heap after
{Heap after GC invocations=72 (full 0):
 garbage-first heap   total 491520K, used 248599K [0x0000000600000000, 0x0000000800000000)
  region size 4096K, 3 young (12288K), 3 survivors (12288K)
 Metaspace       used 165256K, committed 167808K, reserved 1245184K
  class space    used 22211K, committed 23424K, reserved 1048576K
}
Event: 159.810 GC heap before
{Heap before GC invocations=72 (full 0):
 garbage-first heap   total 491520K, used 457495K [0x0000000600000000, 0x0000000800000000)
  region size 4096K, 52 young (212992K), 3 survivors (12288K)
 Metaspace       used 169733K, committed 172352K, reserved 1245184K
  class space    used 22861K, committed 24128K, reserved 1048576K
}
Event: 160.105 GC heap after
{Heap after GC invocations=73 (full 0):
 garbage-first heap   total 524288K, used 297541K [0x0000000600000000, 0x0000000800000000)
  region size 4096K, 7 young (28672K), 7 survivors (28672K)
 Metaspace       used 169733K, committed 172352K, reserved 1245184K
  class space    used 22861K, committed 24128K, reserved 1048576K
}
Event: 164.561 GC heap before
{Heap before GC invocations=73 (full 0):
 garbage-first heap   total 524288K, used 457285K [0x0000000600000000, 0x0000000800000000)
  region size 4096K, 46 young (188416K), 7 survivors (28672K)
 Metaspace       used 172568K, committed 175168K, reserved 1245184K
  class space    used 23425K, committed 24640K, reserved 1048576K
}
Event: 164.820 GC heap after
{Heap after GC invocations=74 (full 0):
 garbage-first heap   total 561152K, used 369919K [0x0000000600000000, 0x0000000800000000)
  region size 4096K, 6 young (24576K), 6 survivors (24576K)
 Metaspace       used 172568K, committed 175168K, reserved 1245184K
  class space    used 23425K, committed 24640K, reserved 1048576K
}

