# JRE version: OpenJDK Runtime Environment (21.0.8) (build 21.0.8+-14018985-b1038.68)
# Java VM: OpenJDK 64-Bit Server VM (21.0.8+-14018985-b1038.68, mixed mode, tiered, compressed oops, compressed class ptrs, g1 gc, windows-amd64)
GC Precious Log:
 CardTable entry size: 512
 Card Set container configuration: InlinePtr #cards 5 size 8 Array Of Cards #cards 12 size 40 Howl #buckets 4 coarsen threshold 1843 Howl Bitmap #cards 512 size 80 coarsen threshold 460 Card regions per heap region 1 cards per card region 2048
 CPUs: 4 total, 4 available
 Memory: 7854M
 Large Page Support: Disabled
 NUMA Support: Disabled
 Compressed Oops: Enabled (32-bit)
 Heap Region Size: 1M
 Heap Min Capacity: 8M
 Heap Initial Capacity: 124M
 Heap Max Capacity: 1964M
 Pre-touch: Disabled
 Parallel Workers: 4
 Concurrent Workers: 1
 Concurrent Refinement Workers: 4
 Periodic GC: Disabled
Heap:
 garbage-first heap   total 73728K, used 46080K [0x0000000085400000, 0x0000000100000000)
  region size 1024K, 4 young (4096K), 3 survivors (3072K)
 Metaspace       used 67902K, committed 68160K, reserved 1114112K
  class space    used 7707K, committed 7808K, reserved 1048576K
GC Heap History (20 events):
Event: 22.337 GC heap before
{Heap before GC invocations=13 (full 0):
 garbage-first heap   total 49152K, used 39860K [0x0000000085400000, 0x0000000100000000)
  region size 1024K, 17 young (17408K), 3 survivors (3072K)
 Metaspace       used 48568K, committed 48768K, reserved 1114112K
  class space    used 5770K, committed 5888K, reserved 1048576K
}
Event: 22.354 GC heap after
{Heap after GC invocations=14 (full 0):
 garbage-first heap   total 49152K, used 30462K [0x0000000085400000, 0x0000000100000000)
  region size 1024K, 3 young (3072K), 3 survivors (3072K)
 Metaspace       used 48568K, committed 48768K, reserved 1114112K
  class space    used 5770K, committed 5888K, reserved 1048576K
}
Event: 23.812 GC heap before
{Heap before GC invocations=15 (full 0):
 garbage-first heap   total 51200K, used 41726K [0x0000000085400000, 0x0000000100000000)
  region size 1024K, 14 young (14336K), 3 survivors (3072K)
 Metaspace       used 51157K, committed 51456K, reserved 1114112K
  class space    used 6072K, committed 6208K, reserved 1048576K
}
Event: 23.822 GC heap after
{Heap after GC invocations=16 (full 0):
 garbage-first heap   total 51200K, used 31665K [0x0000000085400000, 0x0000000100000000)
  region size 1024K, 2 young (2048K), 2 survivors (2048K)
 Metaspace       used 51157K, committed 51456K, reserved 1114112K
  class space    used 6072K, committed 6208K, reserved 1048576K
}
Event: 24.745 GC heap before
{Heap before GC invocations=16 (full 0):
 garbage-first heap   total 51200K, used 41905K [0x0000000085400000, 0x0000000100000000)
  region size 1024K, 13 young (13312K), 2 survivors (2048K)
 Metaspace       used 51864K, committed 52160K, reserved 1114112K
  class space    used 6169K, committed 6272K, reserved 1048576K
}
Event: 24.759 GC heap after
{Heap after GC invocations=17 (full 0):
 garbage-first heap   total 51200K, used 34655K [0x0000000085400000, 0x0000000100000000)
  region size 1024K, 2 young (2048K), 2 survivors (2048K)
 Metaspace       used 51864K, committed 52160K, reserved 1114112K
  class space    used 6169K, committed 6272K, reserved 1048576K
}
Event: 26.098 GC heap before
{Heap before GC invocations=17 (full 0):
 garbage-first heap   total 51200K, used 43871K [0x0000000085400000, 0x0000000100000000)
  region size 1024K, 11 young (11264K), 2 survivors (2048K)
 Metaspace       used 52741K, committed 52992K, reserved 1114112K
  class space    used 6240K, committed 6336K, reserved 1048576K
}
Event: 26.113 GC heap after
{Heap after GC invocations=18 (full 0):
 garbage-first heap   total 51200K, used 36864K [0x0000000085400000, 0x0000000100000000)
  region size 1024K, 2 young (2048K), 2 survivors (2048K)
 Metaspace       used 52741K, committed 52992K, reserved 1114112K
  class space    used 6240K, committed 6336K, reserved 1048576K
}
Event: 27.096 GC heap before
{Heap before GC invocations=19 (full 0):
 garbage-first heap   total 61440K, used 45056K [0x0000000085400000, 0x0000000100000000)
  region size 1024K, 10 young (10240K), 2 survivors (2048K)
 Metaspace       used 53493K, committed 53696K, reserved 1114112K
  class space    used 6296K, committed 6400K, reserved 1048576K
}
Event: 27.108 GC heap after
{Heap after GC invocations=20 (full 0):
 garbage-first heap   total 61440K, used 38640K [0x0000000085400000, 0x0000000100000000)
  region size 1024K, 2 young (2048K), 2 survivors (2048K)
 Metaspace       used 53493K, committed 53696K, reserved 1114112K
  class space    used 6296K, committed 6400K, reserved 1048576K
}
Event: 27.474 GC heap before
{Heap before GC invocations=20 (full 0):
 garbage-first heap   total 61440K, used 50928K [0x0000000085400000, 0x0000000100000000)
  region size 1024K, 15 young (15360K), 2 survivors (2048K)
 Metaspace       used 53822K, committed 54144K, reserved 1114112K
  class space    used 6329K, committed 6464K, reserved 1048576K
}
Event: 27.490 GC heap after
{Heap after GC invocations=21 (full 0):
 garbage-first heap   total 61440K, used 41748K [0x0000000085400000, 0x0000000100000000)
  region size 1024K, 2 young (2048K), 2 survivors (2048K)
 Metaspace       used 53822K, committed 54144K, reserved 1114112K
  class space    used 6329K, committed 6464K, reserved 1048576K
}
Event: 29.225 GC heap before
{Heap before GC invocations=21 (full 0):
 garbage-first heap   total 61440K, used 53012K [0x0000000085400000, 0x0000000100000000)
  region size 1024K, 13 young (13312K), 2 survivors (2048K)
 Metaspace       used 54519K, committed 54848K, reserved 1114112K
  class space    used 6371K, committed 6528K, reserved 1048576K
}
Event: 29.238 GC heap after
{Heap after GC invocations=22 (full 0):
 garbage-first heap   total 73728K, used 43395K [0x0000000085400000, 0x0000000100000000)
  region size 1024K, 2 young (2048K), 2 survivors (2048K)
 Metaspace       used 54519K, committed 54848K, reserved 1114112K
  class space    used 6371K, committed 6528K, reserved 1048576K
}
Event: 32.190 GC heap before
{Heap before GC invocations=23 (full 0):
 garbage-first heap   total 73728K, used 59779K [0x0000000085400000, 0x0000000100000000)
  region size 1024K, 20 young (20480K), 2 survivors (2048K)
 Metaspace       used 58998K, committed 59264K, reserved 1114112K
  class space    used 6838K, committed 6912K, reserved 1048576K
}
Event: 32.200 GC heap after
{Heap after GC invocations=24 (full 0):
 garbage-first heap   total 73728K, used 43854K [0x0000000085400000, 0x0000000100000000)
  region size 1024K, 3 young (3072K), 3 survivors (3072K)
 Metaspace       used 58998K, committed 59264K, reserved 1114112K
  class space    used 6838K, committed 6912K, reserved 1048576K
}
Event: 34.931 GC heap before
{Heap before GC invocations=24 (full 0):
 garbage-first heap   total 73728K, used 62286K [0x0000000085400000, 0x0000000100000000)
  region size 1024K, 22 young (22528K), 3 survivors (3072K)
 Metaspace       used 63825K, committed 64128K, reserved 1114112K
  class space    used 7303K, committed 7424K, reserved 1048576K
}
Event: 34.947 GC heap after
{Heap after GC invocations=25 (full 0):
 garbage-first heap   total 73728K, used 44510K [0x0000000085400000, 0x0000000100000000)
  region size 1024K, 2 young (2048K), 2 survivors (2048K)
 Metaspace       used 63825K, committed 64128K, reserved 1114112K
  class space    used 7303K, committed 7424K, reserved 1048576K
}
Event: 42.192 GC heap before
{Heap before GC invocations=25 (full 0):
 garbage-first heap   total 73728K, used 62942K [0x0000000085400000, 0x0000000100000000)
  region size 1024K, 21 young (21504K), 2 survivors (2048K)
 Metaspace       used 67902K, committed 68160K, reserved 1114112K
  class space    used 7707K, committed 7808K, reserved 1048576K
}
Event: 42.204 GC heap after
{Heap after GC invocations=26 (full 0):
 garbage-first heap   total 73728K, used 46080K [0x0000000085400000, 0x0000000100000000)
  region size 1024K, 3 young (3072K), 3 survivors (3072K)
 Metaspace       used 67902K, committed 68160K, reserved 1114112K
  class space    used 7707K, committed 7808K, reserved 1048576K
}

