# JRE version: OpenJDK Runtime Environment (21.0.8) (build 21.0.8+-14018985-b1038.68)
# Java VM: OpenJDK 64-Bit Server VM (21.0.8+-14018985-b1038.68, mixed mode, tiered, compressed oops, compressed class ptrs, g1 gc, windows-amd64)
GC Precious Log:
 CardTable entry size: 512
 Card Set container configuration: InlinePtr #cards 5 size 8 Array Of Cards #cards 12 size 40 Howl #buckets 4 coarsen threshold 1843 Howl Bitmap #cards 512 size 80 coarsen threshold 460 Card regions per heap region 1 cards per card region 2048
 CPUs: 4 total, 4 available
 Memory: 7854M
 Large Page Support: Disabled
 NUMA Support: Disabled
 Compressed Oops: Enabled (32-bit)
 Heap Region Size: 1M
 Heap Min Capacity: 8M
 Heap Initial Capacity: 124M
 Heap Max Capacity: 1964M
 Pre-touch: Disabled
 Parallel Workers: 4
 Concurrent Workers: 1
 Concurrent Refinement Workers: 4
 Periodic GC: Disabled
Heap:
 garbage-first heap   total 47104K, used 29962K [0x0000000085400000, 0x0000000100000000)
  region size 1024K, 17 young (17408K), 3 survivors (3072K)
 Metaspace       used 38999K, committed 39168K, reserved 1114112K
  class space    used 4709K, committed 4800K, reserved 1048576K
GC Heap History (14 events):
Event: 3.512 GC heap before
{Heap before GC invocations=0 (full 0):
 garbage-first heap   total 126976K, used 17408K [0x0000000085400000, 0x0000000100000000)
  region size 1024K, 13 young (13312K), 0 survivors (0K)
 Metaspace       used 11306K, committed 11520K, reserved 1114112K
  class space    used 968K, committed 1088K, reserved 1048576K
}
Event: 3.619 GC heap after
{Heap after GC invocations=1 (full 0):
 garbage-first heap   total 126976K, used 6557K [0x0000000085400000, 0x0000000100000000)
  region size 1024K, 2 young (2048K), 2 survivors (2048K)
 Metaspace       used 11306K, committed 11520K, reserved 1114112K
  class space    used 968K, committed 1088K, reserved 1048576K
}
Event: 4.943 GC heap before
{Heap before GC invocations=1 (full 0):
 garbage-first heap   total 126976K, used 24989K [0x0000000085400000, 0x0000000100000000)
  region size 1024K, 21 young (21504K), 2 survivors (2048K)
 Metaspace       used 16788K, committed 16960K, reserved 1114112K
  class space    used 1684K, committed 1792K, reserved 1048576K
}
Event: 4.952 GC heap after
{Heap after GC invocations=2 (full 0):
 garbage-first heap   total 126976K, used 7748K [0x0000000085400000, 0x0000000100000000)
  region size 1024K, 2 young (2048K), 2 survivors (2048K)
 Metaspace       used 16788K, committed 16960K, reserved 1114112K
  class space    used 1684K, committed 1792K, reserved 1048576K
}
Event: 6.682 GC heap before
{Heap before GC invocations=2 (full 0):
 garbage-first heap   total 126976K, used 20036K [0x0000000085400000, 0x0000000100000000)
  region size 1024K, 15 young (15360K), 2 survivors (2048K)
 Metaspace       used 21387K, committed 21504K, reserved 1114112K
  class space    used 2244K, committed 2304K, reserved 1048576K
}
Event: 6.688 GC heap after
{Heap after GC invocations=3 (full 0):
 garbage-first heap   total 126976K, used 8446K [0x0000000085400000, 0x0000000100000000)
  region size 1024K, 2 young (2048K), 2 survivors (2048K)
 Metaspace       used 21387K, committed 21504K, reserved 1114112K
  class space    used 2244K, committed 2304K, reserved 1048576K
}
Event: 7.755 GC heap before
{Heap before GC invocations=4 (full 0):
 garbage-first heap   total 30720K, used 28926K [0x0000000085400000, 0x0000000100000000)
  region size 1024K, 23 young (23552K), 2 survivors (2048K)
 Metaspace       used 24709K, committed 24896K, reserved 1114112K
  class space    used 2674K, committed 2752K, reserved 1048576K
}
Event: 7.777 GC heap after
{Heap after GC invocations=5 (full 0):
 garbage-first heap   total 38912K, used 13916K [0x0000000085400000, 0x0000000100000000)
  region size 1024K, 8 young (8192K), 8 survivors (8192K)
 Metaspace       used 24709K, committed 24896K, reserved 1114112K
  class space    used 2674K, committed 2752K, reserved 1048576K
}
Event: 9.306 GC heap before
{Heap before GC invocations=5 (full 0):
 garbage-first heap   total 38912K, used 26204K [0x0000000085400000, 0x0000000100000000)
  region size 1024K, 20 young (20480K), 8 survivors (8192K)
 Metaspace       used 27726K, committed 27968K, reserved 1114112K
  class space    used 3041K, committed 3136K, reserved 1048576K
}
Event: 9.327 GC heap after
{Heap after GC invocations=6 (full 0):
 garbage-first heap   total 38912K, used 14848K [0x0000000085400000, 0x0000000100000000)
  region size 1024K, 2 young (2048K), 2 survivors (2048K)
 Metaspace       used 27726K, committed 27968K, reserved 1114112K
  class space    used 3041K, committed 3136K, reserved 1048576K
}
Event: 11.929 GC heap before
{Heap before GC invocations=6 (full 0):
 garbage-first heap   total 38912K, used 29184K [0x0000000085400000, 0x0000000100000000)
  region size 1024K, 17 young (17408K), 2 survivors (2048K)
 Metaspace       used 32781K, committed 33088K, reserved 1114112K
  class space    used 4076K, committed 4224K, reserved 1048576K
}
Event: 11.936 GC heap after
{Heap after GC invocations=7 (full 0):
 garbage-first heap   total 47104K, used 15593K [0x0000000085400000, 0x0000000100000000)
  region size 1024K, 3 young (3072K), 3 survivors (3072K)
 Metaspace       used 32781K, committed 33088K, reserved 1114112K
  class space    used 4076K, committed 4224K, reserved 1048576K
}
Event: 13.149 GC heap before
{Heap before GC invocations=7 (full 0):
 garbage-first heap   total 47104K, used 30953K [0x0000000085400000, 0x0000000100000000)
  region size 1024K, 19 young (19456K), 3 survivors (3072K)
 Metaspace       used 35738K, committed 35968K, reserved 1114112K
  class space    used 4397K, committed 4544K, reserved 1048576K
}
Event: 13.162 GC heap after
{Heap after GC invocations=8 (full 0):
 garbage-first heap   total 47104K, used 17674K [0x0000000085400000, 0x0000000100000000)
  region size 1024K, 3 young (3072K), 3 survivors (3072K)
 Metaspace       used 35738K, committed 35968K, reserved 1114112K
  class space    used 4397K, committed 4544K, reserved 1048576K
}

